Change Component Designator: Old Designator=D5 New Designator=D1
Change Component Designator: Old Designator=D6 New Designator=D3
Change Component Designator: Old Designator=D? New Designator=D2
Change Component Designator: Old Designator=D? New Designator=D4
Change Component Designator: Old Designator=JP5 New Designator=JP2
Change Component Designator: Old Designator=JP6 New Designator=JP4
Change Component Designator: Old Designator=JP7 New Designator=JP6
Change Component Designator: Old Designator=JP? New Designator=JP3
Change Component Designator: Old Designator=JP? New Designator=JP5
Change Component Designator: Old Designator=JP? New Designator=JP7
Change Component Designator: Old Designator=JP? New Designator=JP9
Change Component Designator: Old Designator=Q2 New Designator=Q3
Change Component Designator: Old Designator=Q? New Designator=Q2
Change Component Designator: Old Designator=Q? New Designator=Q4
Change Component Designator: Old Designator=R28 New Designator=R15
Change Component Designator: Old Designator=R30 New Designator=R17
Change Component Designator: Old Designator=R? New Designator=R16
Change Component Designator: Old Designator=R? New Designator=R18
Change Component Designator: Old Designator=RL2 New Designator=RL3
Change Component Designator: Old Designator=RL? New Designator=RL2
Change Component Designator: Old Designator=RL? New Designator=RL4
Change Component Designator: Old Designator=U10 New Designator=U5
Change Component Designator: Old Designator=U12 New Designator=U7
Change Component Designator: Old Designator=U? New Designator=U6
Change Component Designator: Old Designator=U? New Designator=U8
