Removed Pin From Net: NetName=NetJP2_2 Pin=RL1-3
Removed Pin From Net: NetName=NetJP2_1 Pin=RL1-4
Removed Pin From Net: NetName=NetJP3_2 Pin=RL2-3
Removed Pin From Net: NetName=NetJP3_1 Pin=RL2-4
Removed Member From Class: ClassName=04-OUTPUT Member=JP6
Removed Member From Class: ClassName=04-OUTPUT Member=JP7
Added Component: Designator=JP4(DOMINO_OSTTC_2P)
Add component (AddParameter): Name = "Digikey"; Value = "ED2609-ND"; VariantName = "[No Variations]"
Add component (AddParameter): Name = "Value"; Value = "Connector 2"; VariantName = "[No Variations]"
Added Component: Designator=JP5(DOMINO_OSTTC_2P)
Add component (AddParameter): Name = "Digikey"; Value = "ED2609-ND"; VariantName = "[No Variations]"
Add component (AddParameter): Name = "Value"; Value = "Connector 2"; VariantName = "[No Variations]"
Added Pin To Net: NetName=NetJP2_1 Pin=RL1-3
Added Pin To Net: NetName=NetJP2_2 Pin=RL1-4
Added Pin To Net: NetName=NetJP3_1 Pin=RL2-3
Added Pin To Net: NetName=NetJP3_2 Pin=RL2-4
Added Pin To Net: NetName=NetJP4_1 Pin=JP4-1
Added Pin To Net: NetName=NetJP4_1 Pin=RL3-3
Added Net: Name=NetJP4_1
Added Pin To Net: NetName=NetJP4_2 Pin=JP4-2
Added Pin To Net: NetName=NetJP4_2 Pin=RL3-4
Added Net: Name=NetJP4_2
Added Pin To Net: NetName=NetJP5_1 Pin=JP5-1
Added Pin To Net: NetName=NetJP5_1 Pin=RL4-3
Added Net: Name=NetJP5_1
Added Pin To Net: NetName=NetJP5_2 Pin=JP5-2
Added Pin To Net: NetName=NetJP5_2 Pin=RL4-4
Added Net: Name=NetJP5_2
Added Member To Class: ClassName=04-OUTPUT Member=Component JP4 ED2609-ND
Added Member To Class: ClassName=04-OUTPUT Member=Component JP5 ED2609-ND
